<?xml version="1.0" encoding="UTF-8"?>
<!-- Generated by org.testng.reporters.JUnitReportReporter -->
<testsuite skipped="0" hostname="LAPTOP-0LBQ9P2B" name="framework.tests.PageTests" tests="4" failures="0" timestamp="2022-04-25T18:55:02 IST" time="8.245" errors="0">
  <testcase name="selectItems" time="7.020" classname="framework.tests.PageTests"/>
  <system-out/>
  <testcase name="checkDropdown" time="0.551" classname="framework.tests.PageTests"/>
  <system-out/>
  <testcase name="addItems" time="0.532" classname="framework.tests.PageTests"/>
  <system-out/>
  <testcase name="checkOut" time="0.142" classname="framework.tests.PageTests"/>
  <system-out/>
</testsuite> <!-- framework.tests.PageTests -->
