<?xml version="1.0" encoding="UTF-8"?>
<!-- Generated by org.testng.reporters.JUnitReportReporter -->
<testsuite skipped="0" hostname="LAPTOP-0LBQ9P2B" name="framework.tests.HomePageTests" tests="3" failures="0" timestamp="2022-04-13T19:04:15 IST" time="2.321" errors="0">
  <testcase name="selectItems" time="0.530" classname="framework.tests.HomePageTests"/>
  <system-out/>
  <testcase name="checkDropdown" time="0.406" classname="framework.tests.HomePageTests"/>
  <system-out/>
  <testcase name="addItems" time="1.385" classname="framework.tests.HomePageTests"/>
  <system-out/>
</testsuite> <!-- framework.tests.HomePageTests -->
