<?xml version="1.0" encoding="UTF-8"?>
<!-- Generated by org.testng.reporters.JUnitReportReporter -->
<testsuite skipped="0" hostname="LAPTOP-0LBQ9P2B" name="framework.tests.LoginPageTest" tests="4" failures="0" timestamp="2022-04-25T18:56:22 IST" time="9.790" errors="0">
  <testcase name="checkLoginPage" time="8.775" classname="framework.tests.LoginPageTest"/>
  <system-out/>
  <testcase name="checkLoginPage" time="0.423" classname="framework.tests.LoginPageTest"/>
  <system-out/>
  <testcase name="checkLoginPage" time="0.238" classname="framework.tests.LoginPageTest"/>
  <system-out/>
  <testcase name="checkLoginPage" time="0.354" classname="framework.tests.LoginPageTest"/>
  <system-out/>
</testsuite> <!-- framework.tests.LoginPageTest -->
