<?xml version="1.0" encoding="UTF-8"?>
<!-- Generated by org.testng.reporters.JUnitReportReporter -->
<testsuite skipped="0" hostname="LAPTOP-0LBQ9P2B" name="framework.tests.PageTests" tests="4" failures="0" timestamp="2022-04-18T22:18:41 IST" time="1.577" errors="0">
  <testcase name="checkOut" time="0.357" classname="framework.tests.PageTests"/>
  <system-out/>
  <testcase name="selectItems" time="0.521" classname="framework.tests.PageTests"/>
  <system-out/>
  <testcase name="addItems" time="0.443" classname="framework.tests.PageTests"/>
  <system-out/>
  <testcase name="checkDropdown" time="0.256" classname="framework.tests.PageTests"/>
  <system-out/>
</testsuite> <!-- framework.tests.PageTests -->
