<?xml version="1.0" encoding="UTF-8"?>
<!-- Generated by org.testng.reporters.JUnitReportReporter -->
<testsuite skipped="0" hostname="LAPTOP-0LBQ9P2B" name="framework.tests.PageTests" tests="4" failures="0" timestamp="2022-04-25T18:56:22 IST" time="0.960" errors="0">
  <testcase name="checkOut" time="0.144" classname="framework.tests.PageTests"/>
  <system-out/>
  <testcase name="checkDropdown" time="0.177" classname="framework.tests.PageTests"/>
  <system-out/>
  <testcase name="selectItems" time="0.229" classname="framework.tests.PageTests"/>
  <system-out/>
  <testcase name="addItems" time="0.410" classname="framework.tests.PageTests"/>
  <system-out/>
</testsuite> <!-- framework.tests.PageTests -->
