<?xml version="1.0" encoding="UTF-8"?>
<!-- Generated by org.testng.reporters.JUnitReportReporter -->
<testsuite skipped="0" hostname="LAPTOP-0LBQ9P2B" name="framework.tests.LoginPageTest" tests="4" failures="0" timestamp="2022-04-18T22:18:41 IST" time="10.777" errors="0">
  <testcase name="checkLoginPage" time="0.366" classname="framework.tests.LoginPageTest"/>
  <system-out/>
  <testcase name="checkLoginPage" time="4.652" classname="framework.tests.LoginPageTest"/>
  <system-out/>
  <testcase name="checkLoginPage" time="0.385" classname="framework.tests.LoginPageTest"/>
  <system-out/>
  <testcase name="checkLoginPage" time="5.374" classname="framework.tests.LoginPageTest"/>
  <system-out/>
</testsuite> <!-- framework.tests.LoginPageTest -->
